camerarecorder/build/intermediates/manifest_merge_blame_file/debug/manifest-merger-blame-debug-report.txt
1<?xml version="1.0" encoding="utf-8"?>
2<manifest xmlns:android="http://schemas.android.com/apk/res/android"
3    package="com.daasuu.camerarecorder" >
4
5    <uses-sdk
6        android:minSdkVersion="24"
6-->src\main\AndroidManifest.xml
7        android:targetSdkVersion="29" />
7-->src\main\AndroidManifest.xml
8
9    <uses-permission android:name="android.permission.RECORD_AUDIO" />
9-->src\main\AndroidManifest.xml:4:5-71
9-->src\main\AndroidManifest.xml:4:22-68
10    <uses-permission android:name="android.permission.READ_EXTERNAL_STORAGE" />
10-->src\main\AndroidManifest.xml:5:5-80
10-->src\main\AndroidManifest.xml:5:22-77
11    <uses-permission android:name="android.permission.INTERNET" />
11-->src\main\AndroidManifest.xml:6:5-67
11-->src\main\AndroidManifest.xml:6:22-64
12    <uses-permission android:name="android.permission.ACCESS_NETWORK_STATE" />
12-->src\main\AndroidManifest.xml:7:5-79
12-->src\main\AndroidManifest.xml:7:22-76
13
14    <uses-feature android:name="android.hardware.camera" />
14-->src\main\AndroidManifest.xml:8:5-60
14-->src\main\AndroidManifest.xml:8:19-57
15    <uses-feature android:name="android.hardware.camera.autofocus" />
15-->src\main\AndroidManifest.xml:9:5-70
15-->src\main\AndroidManifest.xml:9:19-67
16
17    <uses-permission android:name="android.permission.CAMERA" />
17-->src\main\AndroidManifest.xml:10:5-65
17-->src\main\AndroidManifest.xml:10:22-62
18    <uses-permission android:name="android.permission.WRITE_EXTERNAL_STORAGE" />
18-->src\main\AndroidManifest.xml:11:5-81
18-->src\main\AndroidManifest.xml:11:22-78
19    <uses-permission android:name="android.permission.RECORD_AUDIO" />
19-->src\main\AndroidManifest.xml:4:5-71
19-->src\main\AndroidManifest.xml:4:22-68
20
21    <application
21-->src\main\AndroidManifest.xml:13:5-95:19
22        android:allowBackup="true"
22-->src\main\AndroidManifest.xml:14:9-35
23        android:label="@string/app_name"
23-->src\main\AndroidManifest.xml:15:9-41
24        android:supportsRtl="true"
24-->src\main\AndroidManifest.xml:16:9-35
25        android:theme="@style/AppTheme" >
25-->src\main\AndroidManifest.xml:17:9-40
26        <activity
26-->src\main\AndroidManifest.xml:18:9-21:20
27            android:name="com.daasuu.camerarecorder.VideoProcessActivity"
27-->src\main\AndroidManifest.xml:19:13-74
28            android:screenOrientation="portrait" >
28-->src\main\AndroidManifest.xml:20:13-49
29        </activity>
30        <activity
30-->src\main\AndroidManifest.xml:22:9-24:51
31            android:name="com.daasuu.camerarecorder.PortrateActivity"
31-->src\main\AndroidManifest.xml:23:13-70
32            android:screenOrientation="portrait" />
32-->src\main\AndroidManifest.xml:24:13-49
33        <activity
33-->src\main\AndroidManifest.xml:25:9-27:51
34            android:name="com.daasuu.camerarecorder.BaseCameraActivity"
34-->src\main\AndroidManifest.xml:26:13-72
35            android:screenOrientation="portrait" />
35-->src\main\AndroidManifest.xml:27:13-49
36        <activity android:name="com.daasuu.camerarecorder.SquareActivity" />
36-->src\main\AndroidManifest.xml:28:9-77
36-->src\main\AndroidManifest.xml:28:19-74
37        <activity
37-->src\main\AndroidManifest.xml:29:9-31:52
38            android:name="com.daasuu.camerarecorder.LandscapeActivity"
38-->src\main\AndroidManifest.xml:30:13-71
39            android:screenOrientation="portrait" />
39-->src\main\AndroidManifest.xml:31:13-49
40        <activity
40-->src\main\AndroidManifest.xml:32:9-34:52
41            android:name="com.daasuu.camerarecorder.CameraMainActivity"
41-->src\main\AndroidManifest.xml:33:13-72
42            android:screenOrientation="portrait" />
42-->src\main\AndroidManifest.xml:34:13-49
43        <activity
43-->src\main\AndroidManifest.xml:35:9-37:52
44            android:name="com.daasuu.camerarecorder.FastAndSlowVideoMotionActivity"
44-->src\main\AndroidManifest.xml:36:13-84
45            android:screenOrientation="portrait" />
45-->src\main\AndroidManifest.xml:37:13-49
46        <activity
46-->src\main\AndroidManifest.xml:38:9-40:52
47            android:name="com.daasuu.camerarecorder.CombineImagesActivity"
47-->src\main\AndroidManifest.xml:39:13-75
48            android:screenOrientation="portrait" />
48-->src\main\AndroidManifest.xml:40:13-49
49        <activity
49-->src\main\AndroidManifest.xml:41:9-43:52
50            android:name="com.daasuu.camerarecorder.ExtractAudioActivity"
50-->src\main\AndroidManifest.xml:42:13-74
51            android:screenOrientation="portrait" />
51-->src\main\AndroidManifest.xml:43:13-49
52        <activity
52-->src\main\AndroidManifest.xml:44:9-46:52
53            android:name="com.daasuu.camerarecorder.AddTextOnVideoActivity"
53-->src\main\AndroidManifest.xml:45:13-76
54            android:screenOrientation="portrait" />
54-->src\main\AndroidManifest.xml:46:13-49
55        <activity
55-->src\main\AndroidManifest.xml:47:9-49:52
56            android:name="com.daasuu.camerarecorder.ReverseVideoActivity"
56-->src\main\AndroidManifest.xml:48:13-74
57            android:screenOrientation="portrait" />
57-->src\main\AndroidManifest.xml:49:13-49
58        <activity
58-->src\main\AndroidManifest.xml:50:9-52:52
59            android:name="com.daasuu.camerarecorder.MergeImageAndMP3Activity"
59-->src\main\AndroidManifest.xml:51:13-78
60            android:screenOrientation="portrait" />
60-->src\main\AndroidManifest.xml:52:13-49
61        <activity
61-->src\main\AndroidManifest.xml:53:9-55:52
62            android:name="com.daasuu.camerarecorder.AddWaterMarkOnVideoActivity"
62-->src\main\AndroidManifest.xml:54:13-81
63            android:screenOrientation="portrait" />
63-->src\main\AndroidManifest.xml:55:13-49
64        <activity
64-->src\main\AndroidManifest.xml:56:9-58:52
65            android:name="com.daasuu.camerarecorder.CombineVideosActivity"
65-->src\main\AndroidManifest.xml:57:13-75
66            android:screenOrientation="portrait" />
66-->src\main\AndroidManifest.xml:58:13-49
67        <activity
67-->src\main\AndroidManifest.xml:59:9-61:52
68            android:name="com.daasuu.camerarecorder.CombineImageAndVideoActivity"
68-->src\main\AndroidManifest.xml:60:13-82
69            android:screenOrientation="portrait" />
69-->src\main\AndroidManifest.xml:61:13-49
70        <activity
70-->src\main\AndroidManifest.xml:62:9-64:52
71            android:name="com.daasuu.camerarecorder.MergeAudioVideoActivity"
71-->src\main\AndroidManifest.xml:63:13-77
72            android:screenOrientation="portrait" />
72-->src\main\AndroidManifest.xml:64:13-49
73        <activity
73-->src\main\AndroidManifest.xml:65:9-67:52
74            android:name="com.daasuu.camerarecorder.RemoveAudioFromVideoActivity"
74-->src\main\AndroidManifest.xml:66:13-82
75            android:screenOrientation="portrait" />
75-->src\main\AndroidManifest.xml:67:13-49
76        <activity
76-->src\main\AndroidManifest.xml:68:9-70:52
77            android:name="com.daasuu.camerarecorder.ImageToVideoConvertActivity"
77-->src\main\AndroidManifest.xml:69:13-81
78            android:screenOrientation="portrait" />
78-->src\main\AndroidManifest.xml:70:13-49
79        <activity
79-->src\main\AndroidManifest.xml:71:9-73:52
80            android:name="com.daasuu.camerarecorder.VideoRotateFlipActivity"
80-->src\main\AndroidManifest.xml:72:13-77
81            android:screenOrientation="portrait" />
81-->src\main\AndroidManifest.xml:73:13-49
82        <activity
82-->src\main\AndroidManifest.xml:74:9-76:52
83            android:name="com.daasuu.camerarecorder.CutVideoUsingTimeActivity"
83-->src\main\AndroidManifest.xml:75:13-79
84            android:screenOrientation="portrait" />
84-->src\main\AndroidManifest.xml:76:13-49
85        <activity
85-->src\main\AndroidManifest.xml:77:9-79:52
86            android:name="com.daasuu.camerarecorder.VideoToGifActivity"
86-->src\main\AndroidManifest.xml:78:13-72
87            android:screenOrientation="portrait" />
87-->src\main\AndroidManifest.xml:79:13-49
88        <activity
88-->src\main\AndroidManifest.xml:80:9-82:52
89            android:name="com.daasuu.camerarecorder.OptionsList"
89-->src\main\AndroidManifest.xml:81:13-65
90            android:screenOrientation="portrait" />
90-->src\main\AndroidManifest.xml:82:13-49
91        <activity
91-->src\main\AndroidManifest.xml:83:9-85:52
92            android:name="com.daasuu.camerarecorder.TrimMainActivity"
92-->src\main\AndroidManifest.xml:84:13-70
93            android:screenOrientation="portrait" />
93-->src\main\AndroidManifest.xml:85:13-49
94        <activity
94-->src\main\AndroidManifest.xml:86:9-88:52
95            android:name="com.daasuu.camerarecorder.TrimmerActivity"
95-->src\main\AndroidManifest.xml:87:13-69
96            android:screenOrientation="portrait" />
96-->src\main\AndroidManifest.xml:88:13-49
97        <activity
97-->src\main\AndroidManifest.xml:89:9-91:52
98            android:name="com.daasuu.camerarecorder.VoiceRecorderActivity"
98-->src\main\AndroidManifest.xml:90:13-75
99            android:screenOrientation="portrait" />
99-->src\main\AndroidManifest.xml:91:13-49
100
101        <meta-data
101-->src\main\AndroidManifest.xml:92:9-94:57
102            android:name="preloaded_fonts"
102-->src\main\AndroidManifest.xml:93:13-43
103            android:resource="@array/preloaded_fonts" />
103-->src\main\AndroidManifest.xml:94:13-54
104    </application>
105
106</manifest>